<?xml version="1.0" encoding="UTF-8"?>
<testsuite xmlns:xsi="http://www.w3.org/2001/XMLSchema-instance" xsi:noNamespaceSchemaLocation="https://maven.apache.org/surefire/maven-surefire-plugin/xsd/surefire-test-report-3.0.xsd" version="3.0" name="TestSuite" time="8.182" tests="2" errors="0" skipped="0" failures="1">
  <properties>
[...]
</properties>
  <testcase name="f1" classname="PhpGroupware_package.PHP_01" time="0.012">
    <system-out><![CDATA[test
]]></system-out>
    <system-err><![CDATA[SLF4J: No SLF4J providers were found.
SLF4J: Defaulting to no-operation (NOP) logger implementation
SLF4J: See http://www.slf4j.org/codes.html#noProviders for further details.
log4j:ERROR Could not read configuration file [Log4j.properties].
java.io.FileNotFoundException: Log4j.properties (The system cannot find the file specified)
	at java.base/java.io.FileInputStream.open0(Native Method)
	at java.base/java.io.FileInputStream.open(FileInputStream.java:219)
	at java.base/java.io.FileInputStream.<init>(FileInputStream.java:158)
	at java.base/java.io.FileInputStream.<init>(FileInputStream.java:112)
	at org.apache.log4j.PropertyConfigurator.doConfigure(PropertyConfigurator.java:372)
	at org.apache.log4j.PropertyConfigurator.configure(PropertyConfigurator.java:403)
	at PhpGroupware_package.base_class.setup(base_class.java:39)
	at java.base/jdk.internal.reflect.DirectMethodHandleAccessor.invoke(DirectMethodHandleAccessor.java:104)
	at java.base/java.lang.reflect.Method.invoke(Method.java:578)
	at org.testng.internal.invokers.MethodInvocationHelper.invokeMethod(MethodInvocationHelper.java:139)
	at org.testng.internal.invokers.MethodInvocationHelper.invokeMethodConsideringTimeout(MethodInvocationHelper.java:69)
	at org.testng.internal.invokers.ConfigInvoker.invokeConfigurationMethod(ConfigInvoker.java:361)
	at org.testng.internal.invokers.ConfigInvoker.invokeConfigurations(ConfigInvoker.java:296)
	at org.testng.internal.invokers.TestMethodWorker.invokeBeforeClassMethods(TestMethodWorker.java:180)
	at org.testng.internal.invokers.TestMethodWorker.run(TestMethodWorker.java:122)
	at java.base/java.util.ArrayList.forEach(ArrayList.java:1511)
	at org.testng.TestRunner.privateRun(TestRunner.java:806)
	at org.testng.TestRunner.run(TestRunner.java:601)
	at org.testng.SuiteRunner.runTest(SuiteRunner.java:433)
	at org.testng.SuiteRunner.runSequentially(SuiteRunner.java:427)
	at org.testng.SuiteRunner.privateRun(SuiteRunner.java:387)
	at org.testng.SuiteRunner.run(SuiteRunner.java:330)
	at org.testng.SuiteRunnerWorker.runSuite(SuiteRunnerWorker.java:52)
	at org.testng.SuiteRunnerWorker.run(SuiteRunnerWorker.java:95)
	at org.testng.TestNG.runSuitesSequentially(TestNG.java:1256)
	at org.testng.TestNG.runSuitesLocally(TestNG.java:1176)
	at org.testng.TestNG.runSuites(TestNG.java:1099)
	at org.testng.TestNG.run(TestNG.java:1067)
	at org.apache.maven.surefire.testng.TestNGExecutor.run(TestNGExecutor.java:284)
	at org.apache.maven.surefire.testng.TestNGXmlTestSuite.execute(TestNGXmlTestSuite.java:75)
	at org.apache.maven.surefire.testng.TestNGProvider.invoke(TestNGProvider.java:119)
	at org.apache.maven.surefire.booter.ForkedBooter.runSuitesInProcess(ForkedBooter.java:428)
	at org.apache.maven.surefire.booter.ForkedBooter.execute(ForkedBooter.java:162)
	at org.apache.maven.surefire.booter.ForkedBooter.run(ForkedBooter.java:562)
	at org.apache.maven.surefire.booter.ForkedBooter.main(ForkedBooter.java:548)
log4j:ERROR Ignoring configuration file [Log4j.properties].
log4j:WARN No appenders could be found for logger (io.netty.util.internal.logging.InternalLoggerFactory).
log4j:WARN Please initialize the log4j system properly.
log4j:WARN See http://logging.apache.org/log4j/1.2/faq.html#noconfig for more info.
1698820786974	geckodriver	INFO	Listening on 127.0.0.1:55396
1698820787265	mozrunner::runner	INFO	Running command: "C:\\Program Files\\Mozilla Firefox\\firefox.exe" "--marionette" "--remote-debugging-port" "63116" "--remote-allow-hosts" "localhost" "--remote-allow-origins" "http://localhost:63116/" "-no-remote" "-profile" "C:\\Users\\nandu\\AppData\\Local\\Temp\\rust_mozprofileuZfnpD"
console.warn: services.settings: Ignoring preference override of remote settings server
console.warn: services.settings: Allow by setting MOZ_REMOTE_SETTINGS_DEVTOOLS=1 in the environment
1698820787681	Marionette	INFO	Marionette enabled
Dynamically enable window occlusion 0
1698820787817	Marionette	INFO	Listening on port 50091
WebDriver BiDi listening on ws://127.0.0.1:63116
Read port: 50091
1698820788058	RemoteAgent	WARN	TLS certificate errors will be ignored for this session
DevTools listening on ws://127.0.0.1:63116/devtools/browser/f4afbb6b-6019-45e2-b77f-bf9593d36057
Nov 01, 2023 12:09:49 PM org.openqa.selenium.remote.ProtocolHandshake createSession
INFO: Detected upstream dialect: W3C
JavaScript warning: https://www.google.co.in/xjs/_/js/k=xjs.hd.en.Ywy-RFIAbpk.O/am=CAAAAAAAAAAAAAAAAAAACAAAAEQNhEMAG0CAQAAIAAAAAQBQsEIIQjAAQMBDuQAAgFiAIAQGANHgMQ8AgIQqAAAAAAAQ9gMgAAAgAAAAAwAAENAEMCAEKAICAAAAyAMA8AAAgwgLAAAAAAAAAAAAgIAnCAYXJAACAiAAAAAAAAAAAAAAUtLkxQAC/d=1/ed=1/dg=2/rs=ACT90oHD3v3lQcMkeAir0PSODmzC3GJpiA/ee=cEt90b:ws9Tlc;qddgKe:x4FYXe,d7YSfd;yxTchf:KUM7Z;dtl0hd:lLQWFe;eHDfl:ofjVkb;qaS3gd:yiLg6e;nAFL3:NTMZac,s39S4;oGtAuc:sOXFj;iFQyKf:vfuNJf,QIhFr;SNUn3:ZwDk9d,x8cHvb;io8t5d:sgY6Zb;Oj465e:KG2eXe,KG2eXe;Erl4fe:FloWmf,FloWmf;JsbNhc:Xd8iUd;sP4Vbe:VwDzFe;kMFpHd:OTA3Ae;uY49fb:COQbmf;Pjplud:PoEs9b,EEDORb;QGR0gd:Mlhmy;a56pNe:JEfCwb;Me32dd:MEeYgc;wR5FRb:TtcOte,O1Gjze;pXdRYb:JKoKVe;dIoSBb:ZgGg9b;EmZ2Bf:zr1jrb;NSEoX:lazG7b;eBAeSb:Ck63tb;WCEKNd:I46Hvd;wV5Pjc:L8KGxe;EVNhjf:pw70Gc;sTsDMc:kHVSUb;wQlYve:aLUfP;zOsCQe:Ko78Df;KcokUb:KiuZBf;kbAm9d:MkHyGd;g8nkx:U4MzKc;YV5bee:IvPZ6d;pNsl2d:j9Yuyc;KpRAue:Tia57b;jY0zg:Q6tNgc;aZ61od:arTwJ;vfVwPd:lcrkwe;NPKaK:SdcwHb;LBgRLc:XVMNvd,SdcwHb;UyG7Kb:wQd0G;LsNahb:ucGLNb;w9w86d:dt4g2b;coJ8e:KvoW8;oSUNyd:fTfGO,fTfGO,pnvXVc;SMDL4c:fTfGO,pnvXVc;lzgfYb:PI40bd;qZx2Fc:j0xrE;IoGlCf:b5lhvb;h3MYod:cEt90b;ZrFutb:W4Cdfc;K8vqCc:MyIcle;pKJiXd:VCenhc;rQSrae:C6D5Fc;kCQyJ:ueyPK;EABSZ:MXZt9d;qavrXe:zQzcXe,mYbt1d;TxfV6d:YORN0b;UDrY1c:eps46d;F9mqte:UoRcbe;GleZL:J1A7Od;Nyt6ic:jn2sGd;JXS8fb:Qj0suc;w3bZCb:ZPGaIb;VGRfx:VFqbr;G0KhTb:LIaoZ;XUezZ:sa7lqb;aAJE9c:WHW6Ef;V2HTTe:RolTY;Wfmdue:g3MJlb;imqimf:jKGL2e;BgS6mb:fidj5d;gtVSi:ekUOYd;KQzWid:ZMKkN;UVmjEd:EesRsb;z97YGf:oug9te;AfeaP:TkrAjf;eBZ5Nd:audvde;CxXAWb:YyRLvc;VN6jIc:ddQyuf;SLtqO:Kh1xYe;tosKvd:ZCqP3;VOcgDe:YquhTb;uuQkY:u2V3ud;WDGyFe:jcVOxd;trZL0b:qY8PFe;VxQ32b:k0XsBb;DULqB:RKfG5c;Np8Qkd:Dpx6qc;bcPXSc:gSZLJb;cFTWae:gT8qnd;gaub4:TN6bMe;xBbsrc:NEW1Qc;DpcR3d:zL72xf;hjRo6e:F62sG;BjwMce:cXX2Wb;yGxLoc:FmAr0c;pj82le:mg5CW;dLlj2:Qqt3Gf;qGV2uc:HHi04c;ESrPQc:mNTJvc;R9Ulx:CR7Ufe;oUlnpc:RagDlc;R2kc8b:ALJqWb;Q1Ow7b:x5CSu;bFZ6gf:RsDQqe;okUaUd:wItadb;xbe2wc:wbTLEd;KOxcK:bFOvTc;G6wU6e:hezEbd;ZWEUA:afR4Cf;U96pRd:FsR04;PqHfGe:im2cZe;Fmv9Nc:O1Tzwc;hK67qb:QWEO5b;BMxAGc:E5bFse;R4IIIb:QWfeKf;whEZac:F4AmNb;tH4IIe:Ymry6;lkq0A:JyBE3e;daB6be:lMxGPd;LEikZe:byfTOb,lsjVmc/m=cdos,cr,hsm,jsa,mb4ZUb,d,csi,cEt90b,SNUn3,qddgKe,sTsDMc,dtl0hd,eHDfl, line 418: Script terminated by timeout at:
_.Mk@https://www.google.co.in/xjs/_/js/k=xjs.hd.en.Ywy-RFIAbpk.O/am=CAAAAAAAAAAAAAAAAAAACAAAAEQNhEMAG0CAQAAIAAAAAQBQsEIIQjAAQMBDuQAAgFiAIAQGANHgMQ8AgIQqAAAAAAAQ9gMgAAAgAAAAAwAAENAEMCAEKAICAAAAyAMA8AAAgwgLAAAAAAAAAAAAgIAnCAYXJAACAiAAAAAAAAAAAAAAUtLkxQAC/d=1/ed=1/dg=2/rs=ACT90oHD3v3lQcMkeAir0PSODmzC3GJpiA/ee=cEt90b:ws9Tlc;qddgKe:x4FYXe,d7YSfd;yxTchf:KUM7Z;dtl0hd:lLQWFe;eHDfl:ofjVkb;qaS3gd:yiLg6e;nAFL3:NTMZac,s39S4;oGtAuc:sOXFj;iFQyKf:vfuNJf,QIhFr;SNUn3:ZwDk9d,x8cHvb;io8t5d:sgY6Zb;Oj465e:KG2eXe,KG2eXe;Erl4fe:FloWmf,FloWmf;JsbNhc:Xd8iUd;sP4Vbe:VwDzFe;kMFpHd:OTA3Ae;uY49fb:COQbmf;Pjplud:PoEs9b,EEDORb;QGR0gd:Mlhmy;a56pNe:JEfCwb;Me32dd:MEeYgc;wR5FRb:TtcOte,O1Gjze;pXdRYb:JKoKVe;dIoSBb:ZgGg9b;EmZ2Bf:zr1jrb;NSEoX:lazG7b;eBAeSb:Ck63tb;WCEKNd:I46Hvd;wV5Pjc:L8KGxe;EVNhjf:pw70Gc;sTsDMc:kHVSUb;wQlYve:aLUfP;zOsCQe:Ko78Df;KcokUb:KiuZBf;kbAm9d:MkHyGd;g8nkx:U4MzKc;YV5bee:IvPZ6d;pNsl2d:j9Yuyc;KpRAue:Tia57b;jY0zg:Q6tNgc;aZ61od:arTwJ;vfVwPd:lcrkwe;NPKaK:SdcwHb;LBgRLc:XVMNvd,SdcwHb;UyG7Kb:wQd0G;LsNahb:ucGLNb;w9w86d:dt4g2b;coJ8e:KvoW8;oSUNyd:fTfGO,fTfGO,pnvXVc;SMDL4c:fTfGO,pnvXVc;lzgfYb:PI40bd;qZx2Fc:j0xrE;IoGlCf:b5lhvb;h3MYod:cEt90b;ZrFutb:W4Cdfc;K8vqCc:MyIcle;pKJiXd:VCenhc;rQSrae:C6D5Fc;kCQyJ:ueyPK;EABSZ:MXZt9d;qavrXe:zQzcXe,mYbt1d;TxfV6d:YORN0b;UDrY1c:eps46d;F9mqte:UoRcbe;GleZL:J1A7Od;Nyt6ic:jn2sGd;JXS8fb:Qj0suc;w3bZCb:ZPGaIb;VGRfx:VFqbr;G0KhTb:LIaoZ;XUezZ:sa7lqb;aAJE9c:WHW6Ef;V2HTTe:RolTY;Wfmdue:g3MJlb;imqimf:jKGL2e;BgS6mb:fidj5d;gtVSi:ekUOYd;KQzWid:ZMKkN;UVmjEd:EesRsb;z97YGf:oug9te;AfeaP:TkrAjf;eBZ5Nd:audvde;CxXAWb:YyRLvc;VN6jIc:ddQyuf;SLtqO:Kh1xYe;tosKvd:ZCqP3;VOcgDe:YquhTb;uuQkY:u2V3ud;WDGyFe:jcVOxd;trZL0b:qY8PFe;VxQ32b:k0XsBb;DULqB:RKfG5c;Np8Qkd:Dpx6qc;bcPXSc:gSZLJb;cFTWae:gT8qnd;gaub4:TN6bMe;xBbsrc:NEW1Qc;DpcR3d:zL72xf;hjRo6e:F62sG;BjwMce:cXX2Wb;yGxLoc:FmAr0c;pj82le:mg5CW;dLlj2:Qqt3Gf;qGV2uc:HHi04c;ESrPQc:mNTJvc;R9Ulx:CR7Ufe;oUlnpc:RagDlc;R2kc8b:ALJqWb;Q1Ow7b:x5CSu;bFZ6gf:RsDQqe;okUaUd:wItadb;xbe2wc:wbTLEd;KOxcK:bFOvTc;G6wU6e:hezEbd;ZWEUA:afR4Cf;U96pRd:FsR04;PqHfGe:im2cZe;Fmv9Nc:O1Tzwc;hK67qb:QWEO5b;BMxAGc:E5bFse;R4IIIb:QWfeKf;whEZac:F4AmNb;tH4IIe:Ymry6;lkq0A:JyBE3e;daB6be:lMxGPd;LEikZe:byfTOb,lsjVmc/m=cdos,cr,hsm,jsa,mb4ZUb,d,csi,cEt90b,SNUn3,qddgKe,sTsDMc,dtl0hd,eHDfl:418:174
_.Rk@https://www.google.co.in/xjs/_/js/k=xjs.hd.en.Ywy-RFIAbpk.O/am=CAAAAAAAAAAAAAAAAAAACAAAAEQNhEMAG0CAQAAIAAAAAQBQsEIIQjAAQMBDuQAAgFiAIAQGANHgMQ8AgIQqAAAAAAAQ9gMgAAAgAAAAAwAAENAEMCAEKAICAAAAyAMA8AAAgwgLAAAAAAAAAAAAgIAnCAYXJAACAiAAAAAAAAAAAAAAUtLkxQAC/d=1/ed=1/dg=2/rs=ACT90oHD3v3lQcMkeAir0PSODmzC3GJpiA/ee=cEt90b:ws9Tlc;qddgKe:x4FYXe,d7YSfd;yxTchf:KUM7Z;dtl0hd:lLQWFe;eHDfl:ofjVkb;qaS3gd:yiLg6e;nAFL3:NTMZac,s39S4;oGtAuc:sOXFj;iFQyKf:vfuNJf,QIhFr;SNUn3:ZwDk9d,x8cHvb;io8t5d:sgY6Zb;Oj465e:KG2eXe,KG2eXe;Erl4fe:FloWmf,FloWmf;JsbNhc:Xd8iUd;sP4Vbe:VwDzFe;kMFpHd:OTA3Ae;uY49fb:COQbmf;Pjplud:PoEs9b,EEDORb;QGR0gd:Mlhmy;a56pNe:JEfCwb;Me32dd:MEeYgc;wR5FRb:TtcOte,O1Gjze;pXdRYb:JKoKVe;dIoSBb:ZgGg9b;EmZ2Bf:zr1jrb;NSEoX:lazG7b;eBAeSb:Ck63tb;WCEKNd:I46Hvd;wV5Pjc:L8KGxe;EVNhjf:pw70Gc;sTsDMc:kHVSUb;wQlYve:aLUfP;zOsCQe:Ko78Df;KcokUb:KiuZBf;kbAm9d:MkHyGd;g8nkx:U4MzKc;YV5bee:IvPZ6d;pNsl2d:j9Yuyc;KpRAue:Tia57b;jY0zg:Q6tNgc;aZ61od:arTwJ;vfVwPd:lcrkwe;NPKaK:SdcwHb;LBgRLc:XVMNvd,SdcwHb;UyG7Kb:wQd0G;LsNahb:ucGLNb;w9w86d:dt4g2b;coJ8e:KvoW8;oSUNyd:fTfGO,fTfGO,pnvXVc;SMDL4c:fTfGO,pnvXVc;lzgfYb:PI40bd;qZx2Fc:j0xrE;IoGlCf:b5lhvb;h3MYod:cEt90b;ZrFutb:W4Cdfc;K8vqCc:MyIcle;pKJiXd:VCenhc;rQSrae:C6D5Fc;kCQyJ:ueyPK;EABSZ:MXZt9d;qavrXe:zQzcXe,mYbt1d;TxfV6d:YORN0b;UDrY1c:eps46d;F9mqte:UoRcbe;GleZL:J1A7Od;Nyt6ic:jn2sGd;JXS8fb:Qj0suc;w3bZCb:ZPGaIb;VGRfx:VFqbr;G0KhTb:LIaoZ;XUezZ:sa7lqb;aAJE9c:WHW6Ef;V2HTTe:RolTY;Wfmdue:g3MJlb;imqimf:jKGL2e;BgS6mb:fidj5d;gtVSi:ekUOYd;KQzWid:ZMKkN;UVmjEd:EesRsb;z97YGf:oug9te;AfeaP:TkrAjf;eBZ5Nd:audvde;CxXAWb:YyRLvc;VN6jIc:ddQyuf;SLtqO:Kh1xYe;tosKvd:ZCqP3;VOcgDe:YquhTb;uuQkY:u2V3ud;WDGyFe:jcVOxd;trZL0b:qY8PFe;VxQ32b:k0XsBb;DULqB:RKfG5c;Np8Qkd:Dpx6qc;bcPXSc:gSZLJb;cFTWae:gT8qnd;gaub4:TN6bMe;xBbsrc:NEW1Qc;DpcR3d:zL72xf;hjRo6e:F62sG;BjwMce:cXX2Wb;yGxLoc:FmAr0c;pj82le:mg5CW;dLlj2:Qqt3Gf;qGV2uc:HHi04c;ESrPQc:mNTJvc;R9Ulx:CR7Ufe;oUlnpc:RagDlc;R2kc8b:ALJqWb;Q1Ow7b:x5CSu;bFZ6gf:RsDQqe;okUaUd:wItadb;xbe2wc:wbTLEd;KOxcK:bFOvTc;G6wU6e:hezEbd;ZWEUA:afR4Cf;U96pRd:FsR04;PqHfGe:im2cZe;Fmv9Nc:O1Tzwc;hK67qb:QWEO5b;BMxAGc:E5bFse;R4IIIb:QWfeKf;whEZac:F4AmNb;tH4IIe:Ymry6;lkq0A:JyBE3e;daB6be:lMxGPd;LEikZe:byfTOb,lsjVmc/m=cdos,cr,hsm,jsa,mb4ZUb,d,csi,cEt90b,SNUn3,qddgKe,sTsDMc,dtl0hd,eHDfl:423:1034
Qua@https://www.google.co.in/xjs/_/js/k=xjs.hd.en.Ywy-RFIAbpk.O/am=CAAAAAAAAAAAAAAAAAAACAAAAEQNhEMAG0CAQAAIAAAAAQBQsEIIQjAAQMBDuQAAgFiAIAQGANHgMQ8AgIQqAAAAAAAQ9gMgAAAgAAAAAwAAENAEMCAEKAICAAAAyAMA8AAAgwgLAAAAAAAAAAAAgIAnCAYXJAACAiAAAAAAAAAAAAAAUtLkxQAC/d=1/ed=1/dg=2/rs=ACT90oHD3v3lQcMkeAir0PSODmzC3GJpiA/ee=cEt90b:ws9Tlc;qddgKe:x4FYXe,d7YSfd;yxTchf:KUM7Z;dtl0hd:lLQWFe;eHDfl:ofjVkb;qaS3gd:yiLg6e;nAFL3:NTMZac,s39S4;oGtAuc:sOXFj;iFQyKf:vfuNJf,QIhFr;SNUn3:ZwDk9d,x8cHvb;io8t5d:sgY6Zb;Oj465e:KG2eXe,KG2eXe;Erl4fe:FloWmf,FloWmf;JsbNhc:Xd8iUd;sP4Vbe:VwDzFe;kMFpHd:OTA3Ae;uY49fb:COQbmf;Pjplud:PoEs9b,EEDORb;QGR0gd:Mlhmy;a56pNe:JEfCwb;Me32dd:MEeYgc;wR5FRb:TtcOte,O1Gjze;pXdRYb:JKoKVe;dIoSBb:ZgGg9b;EmZ2Bf:zr1jrb;NSEoX:lazG7b;eBAeSb:Ck63tb;WCEKNd:I46Hvd;wV5Pjc:L8KGxe;EVNhjf:pw70Gc;sTsDMc:kHVSUb;wQlYve:aLUfP;zOsCQe:Ko78Df;KcokUb:KiuZBf;kbAm9d:MkHyGd;g8nkx:U4MzKc;YV5bee:IvPZ6d;pNsl2d:j9Yuyc;KpRAue:Tia57b;jY0zg:Q6tNgc;aZ61od:arTwJ;vfVwPd:lcrkwe;NPKaK:SdcwHb;LBgRLc:XVMNvd,SdcwHb;UyG7Kb:wQd0G;LsNahb:ucGLNb;w9w86d:dt4g2b;coJ8e:KvoW8;oSUNyd:fTfGO,fTfGO,pnvXVc;SMDL4c:fTfGO,pnvXVc;lzgfYb:PI40bd;qZx2Fc:j0xrE;IoGlCf:b5lhvb;h3MYod:cEt90b;ZrFutb:W4Cdfc;K8vqCc:MyIcle;pKJiXd:VCenhc;rQSrae:C6D5Fc;kCQyJ:ueyPK;EABSZ:MXZt9d;qavrXe:zQzcXe,mYbt1d;TxfV6d:YORN0b;UDrY1c:eps46d;F9mqte:UoRcbe;GleZL:J1A7Od;Nyt6ic:jn2sGd;JXS8fb:Qj0suc;w3bZCb:ZPGaIb;VGRfx:VFqbr;G0KhTb:LIaoZ;XUezZ:sa7lqb;aAJE9c:WHW6Ef;V2HTTe:RolTY;Wfmdue:g3MJlb;imqimf:jKGL2e;BgS6mb:fidj5d;gtVSi:ekUOYd;KQzWid:ZMKkN;UVmjEd:EesRsb;z97YGf:oug9te;AfeaP:TkrAjf;eBZ5Nd:audvde;CxXAWb:YyRLvc;VN6jIc:ddQyuf;SLtqO:Kh1xYe;tosKvd:ZCqP3;VOcgDe:YquhTb;uuQkY:u2V3ud;WDGyFe:jcVOxd;trZL0b:qY8PFe;VxQ32b:k0XsBb;DULqB:RKfG5c;Np8Qkd:Dpx6qc;bcPXSc:gSZLJb;cFTWae:gT8qnd;gaub4:TN6bMe;xBbsrc:NEW1Qc;DpcR3d:zL72xf;hjRo6e:F62sG;BjwMce:cXX2Wb;yGxLoc:FmAr0c;pj82le:mg5CW;dLlj2:Qqt3Gf;qGV2uc:HHi04c;ESrPQc:mNTJvc;R9Ulx:CR7Ufe;oUlnpc:RagDlc;R2kc8b:ALJqWb;Q1Ow7b:x5CSu;bFZ6gf:RsDQqe;okUaUd:wItadb;xbe2wc:wbTLEd;KOxcK:bFOvTc;G6wU6e:hezEbd;ZWEUA:afR4Cf;U96pRd:FsR04;PqHfGe:im2cZe;Fmv9Nc:O1Tzwc;hK67qb:QWEO5b;BMxAGc:E5bFse;R4IIIb:QWfeKf;whEZac:F4AmNb;tH4IIe:Ymry6;lkq0A:JyBE3e;daB6be:lMxGPd;LEikZe:byfTOb,lsjVmc/m=cdos,cr,hsm,jsa,mb4ZUb,d,csi,cEt90b,SNUn3,qddgKe,sTsDMc,dtl0hd,eHDfl:435:347
b@https://www.google.co.in/xjs/_/js/k=xjs.hd.en.Ywy-RFIAbpk.O/am=CAAAAAAAAAAAAAAAAAAACAAAAEQNhEMAG0CAQAAIAAAAAQBQsEIIQjAAQMBDuQAAgFiAIAQGANHgMQ8AgIQqAAAAAAAQ9gMgAAAgAAAAAwAAENAEMCAEKAICAAAAyAMA8AAAgwgLAAAAAAAAAAAAgIAnCAYXJAACAiAAAAAAAAAAAAAAUtLkxQAC/d=1/ed=1/dg=2/rs=ACT90oHD3v3lQcMkeAir0PSODmzC3GJpiA/ee=cEt90b:ws9Tlc;qddgKe:x4FYXe,d7YSfd;yxTchf:KUM7Z;dtl0hd:lLQWFe;eHDfl:ofjVkb;qaS3gd:yiLg6e;nAFL3:NTMZac,s39S4;oGtAuc:sOXFj;iFQyKf:vfuNJf,QIhFr;SNUn3:ZwDk9d,x8cHvb;io8t5d:sgY6Zb;Oj465e:KG2eXe,KG2eXe;Erl4fe:FloWmf,FloWmf;JsbNhc:Xd8iUd;sP4Vbe:VwDzFe;kMFpHd:OTA3Ae;uY49fb:COQbmf;Pjplud:PoEs9b,EEDORb;QGR0gd:Mlhmy;a56pNe:JEfCwb;Me32dd:MEeYgc;wR5FRb:TtcOte,O1Gjze;pXdRYb:JKoKVe;dIoSBb:ZgGg9b;EmZ2Bf:zr1jrb;NSEoX:lazG7b;eBAeSb:Ck63tb;WCEKNd:I46Hvd;wV5Pjc:L8KGxe;EVNhjf:pw70Gc;sTsDMc:kHVSUb;wQlYve:aLUfP;zOsCQe:Ko78Df;KcokUb:KiuZBf;kbAm9d:MkHyGd;g8nkx:U4MzKc;YV5bee:IvPZ6d;pNsl2d:j9Yuyc;KpRAue:Tia57b;jY0zg:Q6tNgc;aZ61od:arTwJ;vfVwPd:lcrkwe;NPKaK:SdcwHb;LBgRLc:XVMNvd,SdcwHb;UyG7Kb:wQd0G;LsNahb:ucGLNb;w9w86d:dt4g2b;coJ8e:KvoW8;oSUNyd:fTfGO,fTfGO,pnvXVc;SMDL4c:fTfGO,pnvXVc;lzgfYb:PI40bd;qZx2Fc:j0xrE;IoGlCf:b5lhvb;h3MYod:cEt90b;ZrFutb:W4Cdfc;K8vqCc:MyIcle;pKJiXd:VCenhc;rQSrae:C6D5Fc;kCQyJ:ueyPK;EABSZ:MXZt9d;qavrXe:zQzcXe,mYbt1d;TxfV6d:YORN0b;UDrY1c:eps46d;F9mqte:UoRcbe;GleZL:J1A7Od;Nyt6ic:jn2sGd;JXS8fb:Qj0suc;w3bZCb:ZPGaIb;VGRfx:VFqbr;G0KhTb:LIaoZ;XUezZ:sa7lqb;aAJE9c:WHW6Ef;V2HTTe:RolTY;Wfmdue:g3MJlb;imqimf:jKGL2e;BgS6mb:fidj5d;gtVSi:ekUOYd;KQzWid:ZMKkN;UVmjEd:EesRsb;z97YGf:oug9te;AfeaP:TkrAjf;eBZ5Nd:audvde;CxXAWb:YyRLvc;VN6jIc:ddQyuf;SLtqO:Kh1xYe;tosKvd:ZCqP3;VOcgDe:YquhTb;uuQkY:u2V3ud;WDGyFe:jcVOxd;trZL0b:qY8PFe;VxQ32b:k0XsBb;DULqB:RKfG5c;Np8Qkd:Dpx6qc;bcPXSc:gSZLJb;cFTWae:gT8qnd;gaub4:TN6bMe;xBbsrc:NEW1Qc;DpcR3d:zL72xf;hjRo6e:F62sG;BjwMce:cXX2Wb;yGxLoc:FmAr0c;pj82le:mg5CW;dLlj2:Qqt3Gf;qGV2uc:HHi04c;ESrPQc:mNTJvc;R9Ulx:CR7Ufe;oUlnpc:RagDlc;R2kc8b:ALJqWb;Q1Ow7b:x5CSu;bFZ6gf:RsDQqe;okUaUd:wItadb;xbe2wc:wbTLEd;KOxcK:bFOvTc;G6wU6e:hezEbd;ZWEUA:afR4Cf;U96pRd:FsR04;PqHfGe:im2cZe;Fmv9Nc:O1Tzwc;hK67qb:QWEO5b;BMxAGc:E5bFse;R4IIIb:QWfeKf;whEZac:F4AmNb;tH4IIe:Ymry6;lkq0A:JyBE3e;daB6be:lMxGPd;LEikZe:byfTOb,lsjVmc/m=cdos,cr,hsm,jsa,mb4ZUb,d,csi,cEt90b,SNUn3,qddgKe,sTsDMc,dtl0hd,eHDfl:431:49

]]></system-err>
  </testcase>
  <testcase name="tearDown" classname="PhpGroupware_package.PHP_01" time="0.246">
    <failure message="Failed to decode response from marionette&#10;Build info: version: &apos;4.3.0&apos;, revision: &apos;a4995e2c09*&apos;&#10;System info: host: &apos;DESKTOP-LHVEUFN&apos;, ip: &apos;169.254.51.200&apos;, os.name: &apos;Windows 10&apos;, os.arch: &apos;amd64&apos;, os.version: &apos;10.0&apos;, java.version: &apos;19.0.1&apos;&#10;Driver info: org.openqa.selenium.firefox.FirefoxDriver&#10;Command: [949dee09-62f8-4dd7-857e-6d82b95fa51b, quit {}]&#10;Capabilities {acceptInsecureCerts: true, browserName: firefox, browserVersion: 119.0, moz:accessibilityChecks: false, moz:buildID: 20231019122658, moz:debuggerAddress: 127.0.0.1:63116, moz:geckodriverVersion: 0.31.0, moz:headless: false, moz:platformVersion: 10.0, moz:processID: 15760, moz:profile: C:\Users\nandu\AppData\Loca..., moz:shutdownTimeout: 60000, moz:webdriverClick: true, moz:windowless: false, pageLoadStrategy: normal, platformName: WINDOWS, proxy: Proxy(), se:cdp: ws://127.0.0.1:63116/devtoo..., se:cdpVersion: 85.0, setWindowRect: true, strictFileInteractability: false, timeouts: {implicit: 0, pageLoad: 300000, script: 30000}, unhandledPromptBehavior: dismiss and notify}&#10;Session ID: 949dee09-62f8-4dd7-857e-6d82b95fa51b" type="org.openqa.selenium.WebDriverException"><![CDATA[org.openqa.selenium.WebDriverException: 
Failed to decode response from marionette
Build info: version: '4.3.0', revision: 'a4995e2c09*'
System info: host: 'DESKTOP-LHVEUFN', ip: '169.254.51.200', os.name: 'Windows 10', os.arch: 'amd64', os.version: '10.0', java.version: '19.0.1'
Driver info: org.openqa.selenium.firefox.FirefoxDriver
Command: [949dee09-62f8-4dd7-857e-6d82b95fa51b, quit {}]
Capabilities {acceptInsecureCerts: true, browserName: firefox, browserVersion: 119.0, moz:accessibilityChecks: false, moz:buildID: 20231019122658, moz:debuggerAddress: 127.0.0.1:63116, moz:geckodriverVersion: 0.31.0, moz:headless: false, moz:platformVersion: 10.0, moz:processID: 15760, moz:profile: C:\Users\nandu\AppData\Loca..., moz:shutdownTimeout: 60000, moz:webdriverClick: true, moz:windowless: false, pageLoadStrategy: normal, platformName: WINDOWS, proxy: Proxy(), se:cdp: ws://127.0.0.1:63116/devtoo..., se:cdpVersion: 85.0, setWindowRect: true, strictFileInteractability: false, timeouts: {implicit: 0, pageLoad: 300000, script: 30000}, unhandledPromptBehavior: dismiss and notify}
Session ID: 949dee09-62f8-4dd7-857e-6d82b95fa51b
]]></failure>
    <system-err><![CDATA[1698820793198	Marionette	INFO	Stopped listening on port 50091
Dynamically enable window occlusion 1
]]></system-err>
  </testcase>
</testsuite>