<?xml version="1.0" encoding="UTF-8"?>
<testng-results ignored="0" total="1" passed="1" failed="0" skipped="0">
  <reporter-output>
  </reporter-output>
  <suite started-at="2023-11-01T15:56:49 IST" name="Suite" finished-at="2023-11-01T15:56:58 IST" duration-ms="9115">
    <groups>
    </groups>
    <test started-at="2023-11-01T15:56:49 IST" name="Test" finished-at="2023-11-01T15:56:58 IST" duration-ms="9115">
      <class name="inhouseSystems_TESTCASES.tc_01">
        <test-method is-config="true" signature="setup(java.lang.String)[pri:0, instance:inhouseSystems_TESTCASES.tc_01@71529963]" started-at="2023-11-01T15:56:49 IST" name="setup" finished-at="2023-11-01T15:56:54 IST" duration-ms="4560" status="PASS">
          <params>
            <param index="0">
              <value>
                <![CDATA[firefox]]>
              </value>
            </param>
          </params>
          <reporter-output>
          </reporter-output>
        </test-method> <!-- setup -->
        <test-method signature="f()[pri:0, instance:inhouseSystems_TESTCASES.tc_01@71529963]" started-at="2023-11-01T15:56:54 IST" name="f" finished-at="2023-11-01T15:56:58 IST" duration-ms="4347" status="PASS">
          <reporter-output>
          </reporter-output>
        </test-method> <!-- f -->
        <test-method is-config="true" signature="tearDown()[pri:0, instance:inhouseSystems_TESTCASES.tc_01@71529963]" started-at="2023-11-01T15:56:58 IST" name="tearDown" finished-at="2023-11-01T15:56:58 IST" duration-ms="1" status="PASS">
          <reporter-output>
          </reporter-output>
        </test-method> <!-- tearDown -->
      </class> <!-- inhouseSystems_TESTCASES.tc_01 -->
    </test> <!-- Test -->
  </suite> <!-- Suite -->
</testng-results>
